<?xml version="1.0" encoding="UTF-8"?>
<!-- JBoss, Home of Professional Open Source Copyright 2013, Red Hat, Inc. and/or its affiliates, and individual contributors 
	by the @authors tag. See the copyright.txt in the distribution for a full listing of individual contributors. Licensed under 
	the Apache License, Version 2.0 (the "License"); you may not use this file except in compliance with the License. You may 
	obtain a copy of the License at http://www.apache.org/licenses/LICENSE-2.0 Unless required by applicable law or agreed to 
	in writing, software distributed under the License is distributed on an "AS IS" BASIS, WITHOUT WARRANTIES OR CONDITIONS OF 
	ANY KIND, either express or implied. See the License for the specific language governing permissions and limitations under 
	the License. -->
<persistence version="2.0" xmlns="http://java.sun.com/xml/ns/persistence" xmlns:xsi="http://www.w3.org/2001/XMLSchema-instance"
	xsi:schemaLocation="
        http://java.sun.com/xml/ns/persistence
        http://java.sun.com/xml/ns/persistence/persistence_2_0.xsd">


	<!-- <persistence-unit name="JPADB" transaction-type="RESOURCE_LOCAL"> <description>Persistence using a built-in memory-only 
		H2 (Hyperion) database</description> <provider>org.hibernate.ejb.HibernatePersistence</provider> <properties> <property name="hibernate.dialect" 
		value="org.hibernate.dialect.H2Dialect" /> <property name="hibernate.connection.driver_class" value="org.h2.Driver" /> <property 
		name="hibernate.hbm2ddl.auto" value="create-drop" /> <property name="javax.persistence.jdbc.url" value="jdbc:h2:mem:test;DB_CLOSE_DELAY=-1" 
		/> <property name="hibernate.connection.username" value="sa" /> <property name="hibernate.connection.password" value="" /> 
		<property name="hibernate.show_sql" value="true" /> </properties> </persistence-unit> -->

	<persistence-unit name="JPADB" transaction-type="JTA">
		<description>Persistence using a built-in memory-only H2 (Hyperion) database</description>
		<provider>org.hibernate.ejb.HibernatePersistence</provider>
		<properties>
			<property name="hibernate.hbm2ddl.auto" value="create-drop" />
			<property name="javax.persistence.jdbc.url" value="jdbc:h2:mem:test;DB_CLOSE_DELAY=-1" />
			<property name="hibernate.show_sql" value="true" />
			
		</properties>
	</persistence-unit>


	<!-- <persistence-unit name="JPADB" transaction-type="JTA"> <jta-data-source>testDatabase</jta-data-source> <properties> 
		<property name="openejb.jpa.init-entitymanager" value="true" /> <property name="openjpa.jdbc.SynchronizeMappings" value="buildSchema(ForeignKeys=true)" 
		/> </properties> </persistence-unit> -->


</persistence>
